<?xml version="1.0" encoding="UTF-8"?>
<!-- Generated by org.testng.reporters.JUnitXMLReporter -->
<testsuite hostname="BDC6-DX-6GN5NK2" name="Test selenium1" tests="6" failures="0" timestamp="12 Nov 2019 10:45:08 GMT" time="0.275" errors="0">
  <testcase name="method1" time="0.018" classname="test.NewTest1"/>
  <testcase name="method2" time="0.001" classname="test.NewTest1"/>
  <testcase name="method3" time="0.002" classname="test.NewTest1"/>
  <testcase name="method4" time="0.001" classname="test.NewTest4"/>
  <testcase name="method5" time="0.001" classname="test.NewTest4"/>
  <testcase name="method6" time="0.004" classname="test.NewTest4"/>
</testsuite> <!-- Test selenium1 -->
